Flat profile:

Each sample counts as 0.01 seconds.
  %   cumulative   self              self     total           
 time   seconds   seconds    calls  ms/call  ms/call  name    
 22.24      1.79     1.79 89428253     0.00     0.00  darray_rank(darray*, long)
 17.27      3.18     1.39 84993450     0.00     0.00  bwd_excess(bp*, long, long)
 11.18      4.08     0.90 42109045     0.00     0.00  fwd_excess(bp*, long, long)
  7.20      4.66     0.58 81826775     0.00     0.00  last_child(bp*, long)
  6.83      5.21     0.55    40875     0.01     0.10  compact_interval_stabbing::queryReport(interval*, long*, unsigned int*, unsigned int*)
  6.71      5.75     0.54    40875     0.01     0.10  compact_interval_stabbing::queryMark(interval*, long*, unsigned int*, unsigned int*)
  5.96      6.23     0.48 164174066     0.00     0.00  getbit(unsigned int*, long)
  4.97      6.63     0.40 82281235     0.00     0.00  prev_sibling(bp*, long)
  3.85      6.94     0.31 82281235     0.00     0.00  inspect(bp*, long)
  2.86      7.17     0.23 81826775     0.00     0.00  tree_ff::Last_Child(unsigned int)
  2.61      7.38     0.21 84911700     0.00     0.00  preorder_rank(bp*, long)
  2.48      7.58     0.20 84911700     0.00     0.00  tree_ff::Preorder_Rank(unsigned int)
  2.11      7.75     0.17 82281235     0.00     0.00  tree_ff::Prev_Sibling(unsigned int)
  1.74      7.89     0.14  2285720     0.00     0.00  search_MB_l(bp*, long, long)
  1.37      8.00     0.11 42429945     0.00     0.00  find_open(bp*, long)
  0.25      8.02     0.02    40875     0.00     0.20  mbr_range::query(mbr*, long*, unsigned int*)
  0.25      8.04     0.02                             cmpCoordInterval(void const*, void const*)
  0.12      8.05     0.01    81750     0.00     0.00  rightBinarySearch(double, double const*, unsigned int, int*)
  0.00      8.05     0.00   517080     0.00     0.00  popcount(unsigned int)
  0.00      8.05     0.00   454460     0.00     0.00  parent(bp*, long)
  0.00      8.05     0.00   454460     0.00     0.00  tree_ff::Parent(unsigned int)
  0.00      8.05     0.00   338700     0.00     0.00  depth(bp*, long)
  0.00      8.05     0.00   253776     0.00     0.00  setbit(unsigned int*, long, long)
  0.00      8.05     0.00    81750     0.00     0.00  darray_select(darray*, long, int)
  0.00      8.05     0.00    81750     0.00     0.00  preorder_select(bp*, long)
  0.00      8.05     0.00    81750     0.00     0.00  static_bitsequence_brw32::rank1(unsigned int)
  0.00      8.05     0.00    81750     0.00     0.00  static_bitsequence_brw32::access(unsigned int)
  0.00      8.05     0.00    81750     0.00     0.00  tree_ff::Preorden_Select(unsigned int)
  0.00      8.05     0.00    69105     0.00     0.00  search_MB_r(bp*, long, long)
  0.00      8.05     0.00      512     0.00     0.00  setbits(unsigned int*, long, long, long)
  0.00      8.05     0.00        6     0.00     0.00  mbr::readMBRs(char*, mbr**, unsigned int*)
  0.00      8.05     0.00        4     0.00     0.00  std::_Deque_base<double, std::allocator<double> >::_M_create_nodes(double**, double**)
  0.00      8.05     0.00        4     0.00     0.00  std::_Deque_base<double, std::allocator<double> >::_M_initialize_map(unsigned int)
  0.00      8.05     0.00        2     0.00     3.49  bp_construct(bp*, long, unsigned int*, long)
  0.00      8.05     0.00        2     0.00     0.10  make_matchtbl()
  0.00      8.05     0.00        2     0.00     0.00  darray_construct(darray*, long, unsigned int*, int)
  0.00      8.05     0.00        2     0.00     0.00  blog(long)
  0.00      8.05     0.00        2     0.00     0.00  interval_stabbing::~interval_stabbing()
  0.00      8.05     0.00        2     0.00     0.00  static_bitsequence_brw32::static_bitsequence_brw32(unsigned int*, unsigned int, unsigned int)
  0.00      8.05     0.00        2     0.00     0.00  static_bitsequence_brw32::~static_bitsequence_brw32()
  0.00      8.05     0.00        2     0.00     3.49  compact_interval_stabbing::compact_interval_stabbing(interval*, unsigned int)
  0.00      8.05     0.00        2     0.00     0.00  compact_interval_stabbing::~compact_interval_stabbing()
  0.00      8.05     0.00        2     0.00     3.49  bp_rmm::bp_rmm(int, unsigned int*, int)
  0.00      8.05     0.00        2     0.00     0.00  bp_rmm::~bp_rmm()
  0.00      8.05     0.00        2     0.00     3.49  tree_ff::tree_ff(unsigned int*, unsigned int, int)
  0.00      8.05     0.00        2     0.00     0.00  tree_ff::~tree_ff()
  0.00      8.05     0.00        1     0.00     0.00  global constructors keyed to _Z10createHashjjf
  0.00      8.05     0.00        1     0.00     0.00  global constructors keyed to _Z9getTiempoP10TiempoDato
  0.00      8.05     0.00        1     0.00     0.00  global constructors keyed to _ZN17interval_stabbingD2Ev
  0.00      8.05     0.00        1     0.00     0.00  global constructors keyed to _ZN18static_bitsequence5rank0Ej
  0.00      8.05     0.00        1     0.00     0.00  global constructors keyed to _ZN20balanced_parentheses4loadEP8_IO_FILE
  0.00      8.05     0.00        1     0.00     0.00  global constructors keyed to _ZN23isaac_interval_stabbingC2EP8intervalj
  0.00      8.05     0.00        1     0.00     0.00  global constructors keyed to _ZN24static_bitsequence_brw32C2Ev
  0.00      8.05     0.00        1     0.00     0.00  global constructors keyed to _ZN24static_bitsequence_rrr021EE
  0.00      8.05     0.00        1     0.00     0.00  global constructors keyed to _ZN25compact_interval_stabbingC2EP8intervalj
  0.00      8.05     0.00        1     0.00     0.00  global constructors keyed to _ZN3mbr8readMBRsEPcPPS_Pj
  0.00      8.05     0.00        1     0.00     0.00  global constructors keyed to _ZN5bp_hbC2Ev
  0.00      8.05     0.00        1     0.00     0.00  global constructors keyed to _ZN5bp_rpC2Ev
  0.00      8.05     0.00        1     0.00     0.00  global constructors keyed to _ZN6bp_rmmC2Ev
  0.00      8.05     0.00        1     0.00     0.00  global constructors keyed to _ZN7tree_ffC2EPjji
  0.00      8.05     0.00        1     0.00     0.00  global constructors keyed to _ZN8interval13readIntervalsEPcPPS_Pj
  0.00      8.05     0.00        1     0.00     0.00  global constructors keyed to _ZN9mbr_rangeC2EP3mbrjj
  0.00      8.05     0.00        1     0.00     0.00  global constructors keyed to __indiceFunc
  0.00      8.05     0.00        1     0.00     6.97  mbr_range::mbr_range(mbr*, unsigned int, unsigned int)
  0.00      8.05     0.00        1     0.00     0.00  mbr_range::~mbr_range()

			Call graph


granularity: each sample hit covers 4 byte(s) for 0.12% of 8.05 seconds

index % time    self  children    called     name
                                                 <spontaneous>
[1]     99.8    0.00    8.03                 main [1]
                0.02    8.00   40875/40875       mbr_range::query(mbr*, long*, unsigned int*) [2]
                0.00    0.01       1/1           mbr_range::mbr_range(mbr*, unsigned int, unsigned int) [25]
                0.00    0.00       6/6           mbr::readMBRs(char*, mbr**, unsigned int*) [41]
                0.00    0.00       1/2           compact_interval_stabbing::~compact_interval_stabbing() [49]
                0.00    0.00       1/1           mbr_range::~mbr_range() [69]
-----------------------------------------------
                0.02    8.00   40875/40875       main [1]
[2]     99.7    0.02    8.00   40875         mbr_range::query(mbr*, long*, unsigned int*) [2]
                0.54    3.53   40875/40875       compact_interval_stabbing::queryMark(interval*, long*, unsigned int*, unsigned int*) [3]
                0.55    3.38   40875/40875       compact_interval_stabbing::queryReport(interval*, long*, unsigned int*, unsigned int*) [4]
-----------------------------------------------
                0.54    3.53   40875/40875       mbr_range::query(mbr*, long*, unsigned int*) [2]
[3]     50.6    0.54    3.53   40875         compact_interval_stabbing::queryMark(interval*, long*, unsigned int*, unsigned int*) [3]
                0.30    1.00 41798695/81826775     last_child(bp*, long) [5]
                0.87    0.00 43354110/89428253     darray_rank(darray*, long) [6]
                0.20    0.28 42026565/82281235     prev_sibling(bp*, long) [8]
                0.06    0.40 21680725/42429945     find_open(bp*, long) [10]
                0.12    0.00 41798695/81826775     tree_ff::Last_Child(unsigned int) [13]
                0.11    0.00 43354110/84911700     preorder_rank(bp*, long) [14]
                0.10    0.00 43354110/84911700     tree_ff::Preorder_Rank(unsigned int) [15]
                0.09    0.00 42026565/82281235     tree_ff::Prev_Sibling(unsigned int) [16]
                0.01    0.00   40875/81750       rightBinarySearch(double, double const*, unsigned int, int*) [19]
                0.00    0.00  227870/454460      parent(bp*, long) [20]
                0.00    0.00  227870/454460      tree_ff::Parent(unsigned int) [32]
                0.00    0.00   40875/81750       static_bitsequence_brw32::rank1(unsigned int) [36]
                0.00    0.00   40875/81750       preorder_select(bp*, long) [35]
                0.00    0.00   40875/81750       tree_ff::Preorden_Select(unsigned int) [38]
                0.00    0.00   40875/81750       static_bitsequence_brw32::access(unsigned int) [37]
-----------------------------------------------
                0.55    3.38   40875/40875       mbr_range::query(mbr*, long*, unsigned int*) [2]
[4]     48.8    0.55    3.38   40875         compact_interval_stabbing::queryReport(interval*, long*, unsigned int*, unsigned int*) [4]
                0.28    0.96 40028080/81826775     last_child(bp*, long) [5]
                0.83    0.00 41557590/89428253     darray_rank(darray*, long) [6]
                0.20    0.27 40254670/82281235     prev_sibling(bp*, long) [8]
                0.05    0.38 20749220/42429945     find_open(bp*, long) [10]
                0.11    0.00 40028080/81826775     tree_ff::Last_Child(unsigned int) [13]
                0.10    0.00 41557590/84911700     preorder_rank(bp*, long) [14]
                0.10    0.00 41557590/84911700     tree_ff::Preorder_Rank(unsigned int) [15]
                0.08    0.00 40254670/82281235     tree_ff::Prev_Sibling(unsigned int) [16]
                0.01    0.00   40875/81750       rightBinarySearch(double, double const*, unsigned int, int*) [19]
                0.00    0.00  226590/454460      parent(bp*, long) [20]
                0.00    0.00  226590/454460      tree_ff::Parent(unsigned int) [32]
                0.00    0.00   40875/81750       static_bitsequence_brw32::rank1(unsigned int) [36]
                0.00    0.00   40875/81750       preorder_select(bp*, long) [35]
                0.00    0.00   40875/81750       tree_ff::Preorden_Select(unsigned int) [38]
                0.00    0.00   40875/81750       static_bitsequence_brw32::access(unsigned int) [37]
-----------------------------------------------
                0.28    0.96 40028080/81826775     compact_interval_stabbing::queryReport(interval*, long*, unsigned int*, unsigned int*) [4]
                0.30    1.00 41798695/81826775     compact_interval_stabbing::queryMark(interval*, long*, unsigned int*, unsigned int*) [3]
[5]     31.5    0.58    1.96 81826775         last_child(bp*, long) [5]
                0.90    0.04 42109045/42109045     fwd_excess(bp*, long, long) [9]
                0.69    0.09 42109045/84993450     bwd_excess(bp*, long, long) [7]
                0.24    0.00 81826775/164174066     getbit(unsigned int*, long) [11]
-----------------------------------------------
                0.01    0.00  338698/89428253     depth(bp*, long) [26]
                0.04    0.00 1905185/89428253     fwd_excess(bp*, long, long) [9]
                0.05    0.00 2272670/89428253     bwd_excess(bp*, long, long) [7]
                0.83    0.00 41557590/89428253     compact_interval_stabbing::queryReport(interval*, long*, unsigned int*, unsigned int*) [4]
                0.87    0.00 43354110/89428253     compact_interval_stabbing::queryMark(interval*, long*, unsigned int*, unsigned int*) [3]
[6]     22.2    1.79    0.00 89428253         darray_rank(darray*, long) [6]
-----------------------------------------------
                0.01    0.00  454460/84993450     parent(bp*, long) [20]
                0.69    0.09 42109045/84993450     last_child(bp*, long) [5]
                0.69    0.09 42429945/84993450     find_open(bp*, long) [10]
[7]     19.6    1.39    0.19 84993450         bwd_excess(bp*, long, long) [7]
                0.14    0.00 2285720/2285720     search_MB_l(bp*, long, long) [17]
                0.05    0.00 2272670/89428253     darray_rank(darray*, long) [6]
-----------------------------------------------
                0.20    0.27 40254670/82281235     compact_interval_stabbing::queryReport(interval*, long*, unsigned int*, unsigned int*) [4]
                0.20    0.28 42026565/82281235     compact_interval_stabbing::queryMark(interval*, long*, unsigned int*, unsigned int*) [3]
[8]     11.8    0.40    0.55 82281235         prev_sibling(bp*, long) [8]
                0.31    0.00 82281235/82281235     inspect(bp*, long) [12]
                0.24    0.00 82281235/164174066     getbit(unsigned int*, long) [11]
-----------------------------------------------
                0.90    0.04 42109045/42109045     last_child(bp*, long) [5]
[9]     11.7    0.90    0.04 42109045         fwd_excess(bp*, long, long) [9]
                0.04    0.00 1905185/89428253     darray_rank(darray*, long) [6]
                0.00    0.00   69105/69105       search_MB_r(bp*, long, long) [39]
-----------------------------------------------
                0.05    0.38 20749220/42429945     compact_interval_stabbing::queryReport(interval*, long*, unsigned int*, unsigned int*) [4]
                0.06    0.40 21680725/42429945     compact_interval_stabbing::queryMark(interval*, long*, unsigned int*, unsigned int*) [3]
[10]    11.1    0.11    0.79 42429945         find_open(bp*, long) [10]
                0.69    0.09 42429945/84993450     bwd_excess(bp*, long, long) [7]
-----------------------------------------------
                0.00    0.00   66056/164174066     make_matchtbl() [27]
                0.24    0.00 81826775/164174066     last_child(bp*, long) [5]
                0.24    0.00 82281235/164174066     prev_sibling(bp*, long) [8]
[11]     6.0    0.48    0.00 164174066         getbit(unsigned int*, long) [11]
-----------------------------------------------
                0.31    0.00 82281235/82281235     prev_sibling(bp*, long) [8]
[12]     3.9    0.31    0.00 82281235         inspect(bp*, long) [12]
-----------------------------------------------
                0.11    0.00 40028080/81826775     compact_interval_stabbing::queryReport(interval*, long*, unsigned int*, unsigned int*) [4]
                0.12    0.00 41798695/81826775     compact_interval_stabbing::queryMark(interval*, long*, unsigned int*, unsigned int*) [3]
[13]     2.9    0.23    0.00 81826775         tree_ff::Last_Child(unsigned int) [13]
-----------------------------------------------
                0.10    0.00 41557590/84911700     compact_interval_stabbing::queryReport(interval*, long*, unsigned int*, unsigned int*) [4]
                0.11    0.00 43354110/84911700     compact_interval_stabbing::queryMark(interval*, long*, unsigned int*, unsigned int*) [3]
[14]     2.6    0.21    0.00 84911700         preorder_rank(bp*, long) [14]
-----------------------------------------------
                0.10    0.00 41557590/84911700     compact_interval_stabbing::queryReport(interval*, long*, unsigned int*, unsigned int*) [4]
                0.10    0.00 43354110/84911700     compact_interval_stabbing::queryMark(interval*, long*, unsigned int*, unsigned int*) [3]
[15]     2.5    0.20    0.00 84911700         tree_ff::Preorder_Rank(unsigned int) [15]
-----------------------------------------------
                0.08    0.00 40254670/82281235     compact_interval_stabbing::queryReport(interval*, long*, unsigned int*, unsigned int*) [4]
                0.09    0.00 42026565/82281235     compact_interval_stabbing::queryMark(interval*, long*, unsigned int*, unsigned int*) [3]
[16]     2.1    0.17    0.00 82281235         tree_ff::Prev_Sibling(unsigned int) [16]
-----------------------------------------------
                0.14    0.00 2285720/2285720     bwd_excess(bp*, long, long) [7]
[17]     1.7    0.14    0.00 2285720         search_MB_l(bp*, long, long) [17]
-----------------------------------------------
                                                 <spontaneous>
[18]     0.2    0.02    0.00                 cmpCoordInterval(void const*, void const*) [18]
-----------------------------------------------
                0.01    0.00   40875/81750       compact_interval_stabbing::queryReport(interval*, long*, unsigned int*, unsigned int*) [4]
                0.01    0.00   40875/81750       compact_interval_stabbing::queryMark(interval*, long*, unsigned int*, unsigned int*) [3]
[19]     0.1    0.01    0.00   81750         rightBinarySearch(double, double const*, unsigned int, int*) [19]
-----------------------------------------------
                0.00    0.00  226590/454460      compact_interval_stabbing::queryReport(interval*, long*, unsigned int*, unsigned int*) [4]
                0.00    0.00  227870/454460      compact_interval_stabbing::queryMark(interval*, long*, unsigned int*, unsigned int*) [3]
[20]     0.1    0.00    0.01  454460         parent(bp*, long) [20]
                0.01    0.00  454460/84993450     bwd_excess(bp*, long, long) [7]
-----------------------------------------------
                0.00    0.01       2/2           bp_rmm::bp_rmm(int, unsigned int*, int) [23]
[21]     0.1    0.00    0.01       2         bp_construct(bp*, long, unsigned int*, long) [21]
                0.00    0.01  338700/338700      depth(bp*, long) [26]
                0.00    0.00       2/2           make_matchtbl() [27]
                0.00    0.00       2/2           darray_construct(darray*, long, unsigned int*, int) [44]
                0.00    0.00       2/2           blog(long) [45]
-----------------------------------------------
                0.00    0.01       2/2           mbr_range::mbr_range(mbr*, unsigned int, unsigned int) [25]
[22]     0.1    0.00    0.01       2         compact_interval_stabbing::compact_interval_stabbing(interval*, unsigned int) [22]
                0.00    0.01       2/2           tree_ff::tree_ff(unsigned int*, unsigned int, int) [24]
                0.00    0.00       4/4           std::_Deque_base<double, std::allocator<double> >::_M_initialize_map(unsigned int) [43]
                0.00    0.00       2/2           static_bitsequence_brw32::static_bitsequence_brw32(unsigned int*, unsigned int, unsigned int) [47]
-----------------------------------------------
                0.00    0.01       2/2           tree_ff::tree_ff(unsigned int*, unsigned int, int) [24]
[23]     0.1    0.00    0.01       2         bp_rmm::bp_rmm(int, unsigned int*, int) [23]
                0.00    0.01       2/2           bp_construct(bp*, long, unsigned int*, long) [21]
                0.00    0.00  253776/253776      setbit(unsigned int*, long, long) [33]
-----------------------------------------------
                0.00    0.01       2/2           compact_interval_stabbing::compact_interval_stabbing(interval*, unsigned int) [22]
[24]     0.1    0.00    0.01       2         tree_ff::tree_ff(unsigned int*, unsigned int, int) [24]
                0.00    0.01       2/2           bp_rmm::bp_rmm(int, unsigned int*, int) [23]
-----------------------------------------------
                0.00    0.01       1/1           main [1]
[25]     0.1    0.00    0.01       1         mbr_range::mbr_range(mbr*, unsigned int, unsigned int) [25]
                0.00    0.01       2/2           compact_interval_stabbing::compact_interval_stabbing(interval*, unsigned int) [22]
-----------------------------------------------
                0.00    0.01  338700/338700      bp_construct(bp*, long, unsigned int*, long) [21]
[26]     0.1    0.00    0.01  338700         depth(bp*, long) [26]
                0.01    0.00  338698/89428253     darray_rank(darray*, long) [6]
-----------------------------------------------
                0.00    0.00       2/2           bp_construct(bp*, long, unsigned int*, long) [21]
[27]     0.0    0.00    0.00       2         make_matchtbl() [27]
                0.00    0.00   66056/164174066     getbit(unsigned int*, long) [11]
                0.00    0.00     512/512         setbits(unsigned int*, long, long, long) [40]
-----------------------------------------------
                0.00    0.00  517080/517080      darray_select(darray*, long, int) [34]
[31]     0.0    0.00    0.00  517080         popcount(unsigned int) [31]
-----------------------------------------------
                0.00    0.00  226590/454460      compact_interval_stabbing::queryReport(interval*, long*, unsigned int*, unsigned int*) [4]
                0.00    0.00  227870/454460      compact_interval_stabbing::queryMark(interval*, long*, unsigned int*, unsigned int*) [3]
[32]     0.0    0.00    0.00  454460         tree_ff::Parent(unsigned int) [32]
-----------------------------------------------
                0.00    0.00  253776/253776      bp_rmm::bp_rmm(int, unsigned int*, int) [23]
[33]     0.0    0.00    0.00  253776         setbit(unsigned int*, long, long) [33]
-----------------------------------------------
                0.00    0.00   81750/81750       preorder_select(bp*, long) [35]
[34]     0.0    0.00    0.00   81750         darray_select(darray*, long, int) [34]
                0.00    0.00  517080/517080      popcount(unsigned int) [31]
-----------------------------------------------
                0.00    0.00   40875/81750       compact_interval_stabbing::queryReport(interval*, long*, unsigned int*, unsigned int*) [4]
                0.00    0.00   40875/81750       compact_interval_stabbing::queryMark(interval*, long*, unsigned int*, unsigned int*) [3]
[35]     0.0    0.00    0.00   81750         preorder_select(bp*, long) [35]
                0.00    0.00   81750/81750       darray_select(darray*, long, int) [34]
-----------------------------------------------
                0.00    0.00   40875/81750       compact_interval_stabbing::queryReport(interval*, long*, unsigned int*, unsigned int*) [4]
                0.00    0.00   40875/81750       compact_interval_stabbing::queryMark(interval*, long*, unsigned int*, unsigned int*) [3]
[36]     0.0    0.00    0.00   81750         static_bitsequence_brw32::rank1(unsigned int) [36]
-----------------------------------------------
                0.00    0.00   40875/81750       compact_interval_stabbing::queryReport(interval*, long*, unsigned int*, unsigned int*) [4]
                0.00    0.00   40875/81750       compact_interval_stabbing::queryMark(interval*, long*, unsigned int*, unsigned int*) [3]
[37]     0.0    0.00    0.00   81750         static_bitsequence_brw32::access(unsigned int) [37]
-----------------------------------------------
                0.00    0.00   40875/81750       compact_interval_stabbing::queryReport(interval*, long*, unsigned int*, unsigned int*) [4]
                0.00    0.00   40875/81750       compact_interval_stabbing::queryMark(interval*, long*, unsigned int*, unsigned int*) [3]
[38]     0.0    0.00    0.00   81750         tree_ff::Preorden_Select(unsigned int) [38]
-----------------------------------------------
                0.00    0.00   69105/69105       fwd_excess(bp*, long, long) [9]
[39]     0.0    0.00    0.00   69105         search_MB_r(bp*, long, long) [39]
-----------------------------------------------
                0.00    0.00     512/512         make_matchtbl() [27]
[40]     0.0    0.00    0.00     512         setbits(unsigned int*, long, long, long) [40]
-----------------------------------------------
                0.00    0.00       6/6           main [1]
[41]     0.0    0.00    0.00       6         mbr::readMBRs(char*, mbr**, unsigned int*) [41]
-----------------------------------------------
                0.00    0.00       4/4           std::_Deque_base<double, std::allocator<double> >::_M_initialize_map(unsigned int) [43]
[42]     0.0    0.00    0.00       4         std::_Deque_base<double, std::allocator<double> >::_M_create_nodes(double**, double**) [42]
-----------------------------------------------
                0.00    0.00       4/4           compact_interval_stabbing::compact_interval_stabbing(interval*, unsigned int) [22]
[43]     0.0    0.00    0.00       4         std::_Deque_base<double, std::allocator<double> >::_M_initialize_map(unsigned int) [43]
                0.00    0.00       4/4           std::_Deque_base<double, std::allocator<double> >::_M_create_nodes(double**, double**) [42]
-----------------------------------------------
                0.00    0.00       2/2           bp_construct(bp*, long, unsigned int*, long) [21]
[44]     0.0    0.00    0.00       2         darray_construct(darray*, long, unsigned int*, int) [44]
-----------------------------------------------
                0.00    0.00       2/2           bp_construct(bp*, long, unsigned int*, long) [21]
[45]     0.0    0.00    0.00       2         blog(long) [45]
-----------------------------------------------
                0.00    0.00       2/2           compact_interval_stabbing::~compact_interval_stabbing() [49]
[46]     0.0    0.00    0.00       2         interval_stabbing::~interval_stabbing() [46]
-----------------------------------------------
                0.00    0.00       2/2           compact_interval_stabbing::compact_interval_stabbing(interval*, unsigned int) [22]
[47]     0.0    0.00    0.00       2         static_bitsequence_brw32::static_bitsequence_brw32(unsigned int*, unsigned int, unsigned int) [47]
-----------------------------------------------
                0.00    0.00       2/2           compact_interval_stabbing::~compact_interval_stabbing() [49]
[48]     0.0    0.00    0.00       2         static_bitsequence_brw32::~static_bitsequence_brw32() [48]
-----------------------------------------------
                0.00    0.00       1/2           mbr_range::~mbr_range() [69]
                0.00    0.00       1/2           main [1]
[49]     0.0    0.00    0.00       2         compact_interval_stabbing::~compact_interval_stabbing() [49]
                0.00    0.00       2/2           bp_rmm::~bp_rmm() [50]
                0.00    0.00       2/2           tree_ff::~tree_ff() [51]
                0.00    0.00       2/2           static_bitsequence_brw32::~static_bitsequence_brw32() [48]
                0.00    0.00       2/2           interval_stabbing::~interval_stabbing() [46]
-----------------------------------------------
                0.00    0.00       2/2           compact_interval_stabbing::~compact_interval_stabbing() [49]
[50]     0.0    0.00    0.00       2         bp_rmm::~bp_rmm() [50]
-----------------------------------------------
                0.00    0.00       2/2           compact_interval_stabbing::~compact_interval_stabbing() [49]
[51]     0.0    0.00    0.00       2         tree_ff::~tree_ff() [51]
-----------------------------------------------
                0.00    0.00       1/1           __do_global_ctors_aux [313]
[52]     0.0    0.00    0.00       1         global constructors keyed to _Z10createHashjjf [52]
-----------------------------------------------
                0.00    0.00       1/1           __do_global_ctors_aux [313]
[53]     0.0    0.00    0.00       1         global constructors keyed to _Z9getTiempoP10TiempoDato [53]
-----------------------------------------------
                0.00    0.00       1/1           __do_global_ctors_aux [313]
[54]     0.0    0.00    0.00       1         global constructors keyed to _ZN17interval_stabbingD2Ev [54]
-----------------------------------------------
                0.00    0.00       1/1           __do_global_ctors_aux [313]
[55]     0.0    0.00    0.00       1         global constructors keyed to _ZN18static_bitsequence5rank0Ej [55]
-----------------------------------------------
                0.00    0.00       1/1           __do_global_ctors_aux [313]
[56]     0.0    0.00    0.00       1         global constructors keyed to _ZN20balanced_parentheses4loadEP8_IO_FILE [56]
-----------------------------------------------
                0.00    0.00       1/1           __do_global_ctors_aux [313]
[57]     0.0    0.00    0.00       1         global constructors keyed to _ZN23isaac_interval_stabbingC2EP8intervalj [57]
-----------------------------------------------
                0.00    0.00       1/1           __do_global_ctors_aux [313]
[58]     0.0    0.00    0.00       1         global constructors keyed to _ZN24static_bitsequence_brw32C2Ev [58]
-----------------------------------------------
                0.00    0.00       1/1           __do_global_ctors_aux [313]
[59]     0.0    0.00    0.00       1         global constructors keyed to _ZN24static_bitsequence_rrr021EE [59]
-----------------------------------------------
                0.00    0.00       1/1           __do_global_ctors_aux [313]
[60]     0.0    0.00    0.00       1         global constructors keyed to _ZN25compact_interval_stabbingC2EP8intervalj [60]
-----------------------------------------------
                0.00    0.00       1/1           __do_global_ctors_aux [313]
[61]     0.0    0.00    0.00       1         global constructors keyed to _ZN3mbr8readMBRsEPcPPS_Pj [61]
-----------------------------------------------
                0.00    0.00       1/1           __do_global_ctors_aux [313]
[62]     0.0    0.00    0.00       1         global constructors keyed to _ZN5bp_hbC2Ev [62]
-----------------------------------------------
                0.00    0.00       1/1           __do_global_ctors_aux [313]
[63]     0.0    0.00    0.00       1         global constructors keyed to _ZN5bp_rpC2Ev [63]
-----------------------------------------------
                0.00    0.00       1/1           __do_global_ctors_aux [313]
[64]     0.0    0.00    0.00       1         global constructors keyed to _ZN6bp_rmmC2Ev [64]
-----------------------------------------------
                0.00    0.00       1/1           __do_global_ctors_aux [313]
[65]     0.0    0.00    0.00       1         global constructors keyed to _ZN7tree_ffC2EPjji [65]
-----------------------------------------------
                0.00    0.00       1/1           __do_global_ctors_aux [313]
[66]     0.0    0.00    0.00       1         global constructors keyed to _ZN8interval13readIntervalsEPcPPS_Pj [66]
-----------------------------------------------
                0.00    0.00       1/1           __do_global_ctors_aux [313]
[67]     0.0    0.00    0.00       1         global constructors keyed to _ZN9mbr_rangeC2EP3mbrjj [67]
-----------------------------------------------
                0.00    0.00       1/1           __do_global_ctors_aux [313]
[68]     0.0    0.00    0.00       1         global constructors keyed to __indiceFunc [68]
-----------------------------------------------
                0.00    0.00       1/1           main [1]
[69]     0.0    0.00    0.00       1         mbr_range::~mbr_range() [69]
                0.00    0.00       1/2           compact_interval_stabbing::~compact_interval_stabbing() [49]
-----------------------------------------------

Index by function name

  [52] global constructors keyed to _Z10createHashjjf [39] search_MB_r(bp*, long, long) [47] static_bitsequence_brw32::static_bitsequence_brw32(unsigned int*, unsigned int, unsigned int)
  [53] global constructors keyed to _Z9getTiempoP10TiempoDato [21] bp_construct(bp*, long, unsigned int*, long) [48] static_bitsequence_brw32::~static_bitsequence_brw32()
  [54] global constructors keyed to _ZN17interval_stabbingD2Ev [8] prev_sibling(bp*, long) [4] compact_interval_stabbing::queryReport(interval*, long*, unsigned int*, unsigned int*)
  [55] global constructors keyed to _ZN18static_bitsequence5rank0Ej [34] darray_select(darray*, long, int) [3] compact_interval_stabbing::queryMark(interval*, long*, unsigned int*, unsigned int*)
  [56] global constructors keyed to _ZN20balanced_parentheses4loadEP8_IO_FILE [27] make_matchtbl() [22] compact_interval_stabbing::compact_interval_stabbing(interval*, unsigned int)
  [57] global constructors keyed to _ZN23isaac_interval_stabbingC2EP8intervalj [14] preorder_rank(bp*, long) [49] compact_interval_stabbing::~compact_interval_stabbing()
  [58] global constructors keyed to _ZN24static_bitsequence_brw32C2Ev [35] preorder_select(bp*, long) [41] mbr::readMBRs(char*, mbr**, unsigned int*)
  [59] global constructors keyed to _ZN24static_bitsequence_rrr021EE [18] cmpCoordInterval(void const*, void const*) [23] bp_rmm::bp_rmm(int, unsigned int*, int)
  [60] global constructors keyed to _ZN25compact_interval_stabbingC2EP8intervalj [44] darray_construct(darray*, long, unsigned int*, int) [50] bp_rmm::~bp_rmm()
  [61] global constructors keyed to _ZN3mbr8readMBRsEPcPPS_Pj [19] rightBinarySearch(double, double const*, unsigned int, int*) [13] tree_ff::Last_Child(unsigned int)
  [62] global constructors keyed to _ZN5bp_hbC2Ev [45] blog(long) [16] tree_ff::Prev_Sibling(unsigned int)
  [63] global constructors keyed to _ZN5bp_rpC2Ev [26] depth(bp*, long) [15] tree_ff::Preorder_Rank(unsigned int)
  [64] global constructors keyed to _ZN6bp_rmmC2Ev [11] getbit(unsigned int*, long) [38] tree_ff::Preorden_Select(unsigned int)
  [65] global constructors keyed to _ZN7tree_ffC2EPjji [20] parent(bp*, long) [32] tree_ff::Parent(unsigned int)
  [66] global constructors keyed to _ZN8interval13readIntervalsEPcPPS_Pj [33] setbit(unsigned int*, long, long) [24] tree_ff::tree_ff(unsigned int*, unsigned int, int)
  [67] global constructors keyed to _ZN9mbr_rangeC2EP3mbrjj [12] inspect(bp*, long) [51] tree_ff::~tree_ff()
  [68] global constructors keyed to __indiceFunc [40] setbits(unsigned int*, long, long, long) [2] mbr_range::query(mbr*, long*, unsigned int*)
   [7] bwd_excess(bp*, long, long) [31] popcount(unsigned int) [25] mbr_range::mbr_range(mbr*, unsigned int, unsigned int)
   [9] fwd_excess(bp*, long, long) [10] find_open(bp*, long) [69] mbr_range::~mbr_range()
   [5] last_child(bp*, long)  [46] interval_stabbing::~interval_stabbing() [42] std::_Deque_base<double, std::allocator<double> >::_M_create_nodes(double**, double**)
   [6] darray_rank(darray*, long) [36] static_bitsequence_brw32::rank1(unsigned int) [43] std::_Deque_base<double, std::allocator<double> >::_M_initialize_map(unsigned int)
  [17] search_MB_l(bp*, long, long) [37] static_bitsequence_brw32::access(unsigned int)
